<?xml version="1.0" encoding="UTF-8"?>
<coverage generated="1699374604551" clover="3.2.0">
  <project timestamp="1699374604551" name="All files">
    <metrics statements="10" coveredstatements="6" conditionals="3" coveredconditionals="2" methods="4" coveredmethods="3" elements="17" coveredelements="11" complexity="0" loc="10" ncloc="10" packages="1" files="2" classes="2"/>
    <file name="card.tsx" path="/Users/shahzodubaydullaev/Documents/Courses/RSS-React/src/components/card.tsx">
      <metrics statements="2" coveredstatements="2" conditionals="0" coveredconditionals="0" methods="1" coveredmethods="1"/>
      <line num="4" count="2" type="stmt"/>
      <line num="5" count="6" type="stmt"/>
    </file>
    <file name="cards.tsx" path="/Users/shahzodubaydullaev/Documents/Courses/RSS-React/src/components/cards.tsx">
      <metrics statements="8" coveredstatements="4" conditionals="3" coveredconditionals="2" methods="3" coveredmethods="2"/>
      <line num="3" count="1" type="stmt"/>
      <line num="5" count="1" type="stmt"/>
      <line num="7" count="0" type="stmt"/>
      <line num="9" count="0" type="cond" truecount="0" falsecount="1"/>
      <line num="10" count="0" type="stmt"/>
      <line num="11" count="0" type="stmt"/>
      <line num="15" count="2" type="stmt"/>
      <line num="18" count="3" type="stmt"/>
    </file>
  </project>
</coverage>
