{"/Users/shahzodubaydullaev/Documents/Courses/RSS-React/src/api.ts": {"path":"/Users/shahzodubaydullaev/Documents/Courses/RSS-React/src/api.ts","statementMap":{"0":{"start":{"line":1,"column":0},"end":{"line":1,"column":73}},"1":{"start":{"line":4,"column":18},"end":{"line":4,"column":63}},"2":{"start":{"line":5,"column":18},"end":{"line":11,"column":2}},"3":{"start":{"line":8,"column":4},"end":{"line":8,"column":59}},"4":{"start":{"line":9,"column":4},"end":{"line":9,"column":19}},"5":{"start":{"line":13,"column":13},"end":{"line":27,"column":3}},"6":{"start":{"line":15,"column":26},"end":{"line":26,"column":null}},"7":{"start":{"line":20,"column":26},"end":{"line":20,"column":28}},"8":{"start":{"line":20,"column":40},"end":{"line":20,"column":42}},"9":{"start":{"line":20,"column":48},"end":{"line":20,"column":50}},"10":{"start":{"line":21,"column":8},"end":{"line":21,"column":null}},"11":{"start":{"line":24,"column":18},"end":{"line":24,"column":20}},"12":{"start":{"line":24,"column":25},"end":{"line":24,"column":null}},"13":{"start":{"line":29,"column":15},"end":{"line":29,"column":59}}},"fnMap":{"0":{"name":"(anonymous_0)","decl":{"start":{"line":7,"column":16},"end":{"line":7,"column":17}},"loc":{"start":{"line":7,"column":24},"end":{"line":10,"column":3}}},"1":{"name":"(anonymous_1)","decl":{"start":{"line":15,"column":13},"end":{"line":15,"column":14}},"loc":{"start":{"line":15,"column":21},"end":{"line":15,"column":27}}},"2":{"name":"(anonymous_2)","decl":{"start":{"line":20,"column":13},"end":{"line":20,"column":14}},"loc":{"start":{"line":20,"column":50},"end":{"line":21,"column":30}}},"3":{"name":"(anonymous_3)","decl":{"start":{"line":24,"column":13},"end":{"line":24,"column":14}},"loc":{"start":{"line":24,"column":20},"end":{"line":24,"column":35}}}},"branchMap":{"0":{"loc":{"start":{"line":21,"column":75},"end":{"line":21,"column":93}},"type":"binary-expr","locations":[{"start":{"line":21,"column":75},"end":{"line":21,"column":81}},{"start":{"line":21,"column":85},"end":{"line":21,"column":93}}]}},"s":{"0":5,"1":5,"2":5,"3":0,"4":0,"5":5,"6":5,"7":0,"8":0,"9":0,"10":0,"11":0,"12":0,"13":5},"f":{"0":0,"1":5,"2":0,"3":0},"b":{"0":[0,0]}}
,"/Users/shahzodubaydullaev/Documents/Courses/RSS-React/src/store.ts": {"path":"/Users/shahzodubaydullaev/Documents/Courses/RSS-React/src/store.ts","statementMap":{"0":{"start":{"line":1,"column":0},"end":{"line":1,"column":50}},"1":{"start":{"line":2,"column":0},"end":{"line":2,"column":47}},"2":{"start":{"line":4,"column":0},"end":{"line":4,"column":28}},"3":{"start":{"line":6,"column":13},"end":{"line":52,"column":3}},"4":{"start":{"line":22,"column":6},"end":{"line":22,"column":36}},"5":{"start":{"line":25,"column":6},"end":{"line":25,"column":34}},"6":{"start":{"line":28,"column":6},"end":{"line":28,"column":34}},"7":{"start":{"line":31,"column":6},"end":{"line":31,"column":37}},"8":{"start":{"line":34,"column":6},"end":{"line":34,"column":39}},"9":{"start":{"line":37,"column":6},"end":{"line":37,"column":42}},"10":{"start":{"line":40,"column":6},"end":{"line":40,"column":39}},"11":{"start":{"line":43,"column":6},"end":{"line":43,"column":45}},"12":{"start":{"line":46,"column":6},"end":{"line":46,"column":48}},"13":{"start":{"line":49,"column":6},"end":{"line":49,"column":38}},"14":{"start":{"line":55,"column":2},"end":{"line":64,"column":null}},"15":{"start":{"line":67,"column":28},"end":{"line":67,"column":73}},"16":{"start":{"line":67,"column":68},"end":{"line":67,"column":85}},"17":{"start":{"line":67,"column":13},"end":{"line":67,"column":28}},"18":{"start":{"line":68,"column":26},"end":{"line":68,"column":72}},"19":{"start":{"line":68,"column":67},"end":{"line":68,"column":82}},"20":{"start":{"line":68,"column":13},"end":{"line":68,"column":26}},"21":{"start":{"line":69,"column":26},"end":{"line":69,"column":69}},"22":{"start":{"line":69,"column":64},"end":{"line":69,"column":79}},"23":{"start":{"line":69,"column":13},"end":{"line":69,"column":26}},"24":{"start":{"line":70,"column":29},"end":{"line":70,"column":76}},"25":{"start":{"line":70,"column":71},"end":{"line":70,"column":89}},"26":{"start":{"line":70,"column":13},"end":{"line":70,"column":29}},"27":{"start":{"line":71,"column":31},"end":{"line":71,"column":79}},"28":{"start":{"line":71,"column":74},"end":{"line":71,"column":94}},"29":{"start":{"line":71,"column":13},"end":{"line":71,"column":31}},"30":{"start":{"line":72,"column":34},"end":{"line":73,"column":7}},"31":{"start":{"line":73,"column":2},"end":{"line":73,"column":25}},"32":{"start":{"line":72,"column":13},"end":{"line":72,"column":34}},"33":{"start":{"line":74,"column":31},"end":{"line":74,"column":80}},"34":{"start":{"line":74,"column":75},"end":{"line":74,"column":95}},"35":{"start":{"line":74,"column":13},"end":{"line":74,"column":31}},"36":{"start":{"line":75,"column":37},"end":{"line":76,"column":7}},"37":{"start":{"line":76,"column":2},"end":{"line":76,"column":28}},"38":{"start":{"line":75,"column":13},"end":{"line":75,"column":37}},"39":{"start":{"line":77,"column":40},"end":{"line":78,"column":7}},"40":{"start":{"line":78,"column":2},"end":{"line":78,"column":31}},"41":{"start":{"line":77,"column":13},"end":{"line":77,"column":40}},"42":{"start":{"line":79,"column":30},"end":{"line":79,"column":77}},"43":{"start":{"line":79,"column":72},"end":{"line":79,"column":91}},"44":{"start":{"line":79,"column":13},"end":{"line":79,"column":30}},"45":{"start":{"line":81,"column":13},"end":{"line":87,"column":3}},"46":{"start":{"line":86,"column":40},"end":{"line":86,"column":null}}},"fnMap":{"0":{"name":"(anonymous_0)","decl":{"start":{"line":21,"column":15},"end":{"line":21,"column":16}},"loc":{"start":{"line":21,"column":29},"end":{"line":23,"column":5}}},"1":{"name":"(anonymous_1)","decl":{"start":{"line":24,"column":13},"end":{"line":24,"column":14}},"loc":{"start":{"line":24,"column":27},"end":{"line":26,"column":5}}},"2":{"name":"(anonymous_2)","decl":{"start":{"line":27,"column":13},"end":{"line":27,"column":14}},"loc":{"start":{"line":27,"column":27},"end":{"line":29,"column":5}}},"3":{"name":"(anonymous_3)","decl":{"start":{"line":30,"column":16},"end":{"line":30,"column":17}},"loc":{"start":{"line":30,"column":30},"end":{"line":32,"column":5}}},"4":{"name":"(anonymous_4)","decl":{"start":{"line":33,"column":18},"end":{"line":33,"column":19}},"loc":{"start":{"line":33,"column":32},"end":{"line":35,"column":5}}},"5":{"name":"(anonymous_5)","decl":{"start":{"line":36,"column":21},"end":{"line":36,"column":22}},"loc":{"start":{"line":36,"column":35},"end":{"line":38,"column":5}}},"6":{"name":"(anonymous_6)","decl":{"start":{"line":39,"column":18},"end":{"line":39,"column":19}},"loc":{"start":{"line":39,"column":32},"end":{"line":41,"column":5}}},"7":{"name":"(anonymous_7)","decl":{"start":{"line":42,"column":24},"end":{"line":42,"column":25}},"loc":{"start":{"line":42,"column":38},"end":{"line":44,"column":5}}},"8":{"name":"(anonymous_8)","decl":{"start":{"line":45,"column":27},"end":{"line":45,"column":28}},"loc":{"start":{"line":45,"column":41},"end":{"line":47,"column":5}}},"9":{"name":"(anonymous_9)","decl":{"start":{"line":48,"column":17},"end":{"line":48,"column":18}},"loc":{"start":{"line":48,"column":31},"end":{"line":50,"column":5}}},"10":{"name":"(anonymous_10)","decl":{"start":{"line":67,"column":28},"end":{"line":67,"column":29}},"loc":{"start":{"line":67,"column":63},"end":{"line":67,"column":73}}},"11":{"name":"(anonymous_11)","decl":{"start":{"line":68,"column":26},"end":{"line":68,"column":27}},"loc":{"start":{"line":68,"column":62},"end":{"line":68,"column":72}}},"12":{"name":"(anonymous_12)","decl":{"start":{"line":69,"column":26},"end":{"line":69,"column":27}},"loc":{"start":{"line":69,"column":59},"end":{"line":69,"column":69}}},"13":{"name":"(anonymous_13)","decl":{"start":{"line":70,"column":29},"end":{"line":70,"column":30}},"loc":{"start":{"line":70,"column":66},"end":{"line":70,"column":76}}},"14":{"name":"(anonymous_14)","decl":{"start":{"line":71,"column":31},"end":{"line":71,"column":32}},"loc":{"start":{"line":71,"column":69},"end":{"line":71,"column":79}}},"15":{"name":"(anonymous_15)","decl":{"start":{"line":72,"column":34},"end":{"line":72,"column":35}},"loc":{"start":{"line":72,"column":75},"end":{"line":73,"column":7}}},"16":{"name":"(anonymous_16)","decl":{"start":{"line":74,"column":31},"end":{"line":74,"column":32}},"loc":{"start":{"line":74,"column":70},"end":{"line":74,"column":80}}},"17":{"name":"(anonymous_17)","decl":{"start":{"line":75,"column":37},"end":{"line":75,"column":38}},"loc":{"start":{"line":75,"column":82},"end":{"line":76,"column":7}}},"18":{"name":"(anonymous_18)","decl":{"start":{"line":77,"column":40},"end":{"line":77,"column":41}},"loc":{"start":{"line":77,"column":88},"end":{"line":78,"column":7}}},"19":{"name":"(anonymous_19)","decl":{"start":{"line":79,"column":30},"end":{"line":79,"column":31}},"loc":{"start":{"line":79,"column":67},"end":{"line":79,"column":77}}},"20":{"name":"(anonymous_20)","decl":{"start":{"line":86,"column":14},"end":{"line":86,"column":15}},"loc":{"start":{"line":86,"column":35},"end":{"line":86,"column":60}}}},"branchMap":{"0":{"loc":{"start":{"line":9,"column":12},"end":{"line":9,"column":85}},"type":"cond-expr","locations":[{"start":{"line":9,"column":50},"end":{"line":9,"column":80}},{"start":{"line":9,"column":83},"end":{"line":9,"column":85}}]}},"s":{"0":5,"1":5,"2":5,"3":5,"4":4,"5":3,"6":0,"7":0,"8":0,"9":0,"10":0,"11":0,"12":0,"13":0,"14":5,"15":5,"16":11,"17":5,"18":5,"19":6,"20":5,"21":5,"22":6,"23":5,"24":5,"25":0,"26":5,"27":5,"28":0,"29":5,"30":5,"31":0,"32":5,"33":5,"34":0,"35":5,"36":5,"37":0,"38":5,"39":5,"40":0,"41":5,"42":5,"43":0,"44":5,"45":5,"46":5},"f":{"0":4,"1":3,"2":0,"3":0,"4":0,"5":0,"6":0,"7":0,"8":0,"9":0,"10":11,"11":6,"12":6,"13":0,"14":0,"15":0,"16":0,"17":0,"18":0,"19":0,"20":5},"b":{"0":[5,0]}}
,"/Users/shahzodubaydullaev/Documents/Courses/RSS-React/src/components/card.tsx": {"path":"/Users/shahzodubaydullaev/Documents/Courses/RSS-React/src/components/card.tsx","statementMap":{"0":{"start":{"line":1,"column":0},"end":{"line":1,"column":26}},"1":{"start":{"line":5,"column":2},"end":{"line":12,"column":4}},"2":{"start":{"line":4,"column":0},"end":{"line":4,"column":16}}},"fnMap":{"0":{"name":"Card","decl":{"start":{"line":4,"column":16},"end":{"line":4,"column":20}},"loc":{"start":{"line":4,"column":37},"end":{"line":13,"column":1}}}},"branchMap":{},"s":{"0":2,"1":4,"2":2},"f":{"0":4},"b":{}}
,"/Users/shahzodubaydullaev/Documents/Courses/RSS-React/src/components/cards.tsx": {"path":"/Users/shahzodubaydullaev/Documents/Courses/RSS-React/src/components/cards.tsx","statementMap":{"0":{"start":{"line":1,"column":0},"end":{"line":1,"column":26}},"1":{"start":{"line":2,"column":0},"end":{"line":2,"column":55}},"2":{"start":{"line":3,"column":0},"end":{"line":3,"column":64}},"3":{"start":{"line":4,"column":0},"end":{"line":4,"column":30}},"4":{"start":{"line":5,"column":0},"end":{"line":5,"column":33}},"5":{"start":{"line":7,"column":21},"end":{"line":26,"column":1}},"6":{"start":{"line":8,"column":19},"end":{"line":8,"column":32}},"7":{"start":{"line":9,"column":15},"end":{"line":9,"column":38}},"8":{"start":{"line":10,"column":15},"end":{"line":10,"column":38}},"9":{"start":{"line":12,"column":22},"end":{"line":15,"column":3}},"10":{"start":{"line":13,"column":4},"end":{"line":13,"column":31}},"11":{"start":{"line":14,"column":4},"end":{"line":14,"column":47}},"12":{"start":{"line":17,"column":2},"end":{"line":25,"column":4}},"13":{"start":{"line":20,"column":25},"end":{"line":20,"column":93}},"14":{"start":{"line":20,"column":70},"end":{"line":20,"column":92}},"15":{"start":{"line":7,"column":13},"end":{"line":7,"column":21}}},"fnMap":{"0":{"name":"(anonymous_1)","decl":{"start":{"line":7,"column":21},"end":{"line":7,"column":null}},"loc":{"start":{"line":7,"column":21},"end":{"line":26,"column":1}}},"1":{"name":"(anonymous_2)","decl":{"start":{"line":12,"column":22},"end":{"line":12,"column":23}},"loc":{"start":{"line":12,"column":33},"end":{"line":15,"column":3}}},"2":{"name":"(anonymous_3)","decl":{"start":{"line":20,"column":17},"end":{"line":20,"column":18}},"loc":{"start":{"line":20,"column":20},"end":{"line":20,"column":26}}},"3":{"name":"(anonymous_4)","decl":{"start":{"line":20,"column":64},"end":{"line":20,"column":70}},"loc":{"start":{"line":20,"column":64},"end":{"line":20,"column":81}}}},"branchMap":{"0":{"loc":{"start":{"line":19,"column":7},"end":{"line":22,"column":null}},"type":"cond-expr","locations":[{"start":{"line":20,"column":8},"end":{"line":20,"column":93}},{"start":{"line":22,"column":8},"end":{"line":22,"column":24}}]}},"s":{"0":2,"1":2,"2":2,"3":2,"4":2,"5":2,"6":3,"7":3,"8":3,"9":3,"10":0,"11":0,"12":3,"13":3,"14":0,"15":2},"f":{"0":3,"1":0,"2":3,"3":0},"b":{"0":[2,1]}}
,"/Users/shahzodubaydullaev/Documents/Courses/RSS-React/src/components/errorbutton.tsx": {"path":"/Users/shahzodubaydullaev/Documents/Courses/RSS-React/src/components/errorbutton.tsx","statementMap":{"0":{"start":{"line":1,"column":0},"end":{"line":1,"column":33}},"1":{"start":{"line":2,"column":0},"end":{"line":2,"column":26}},"2":{"start":{"line":5,"column":34},"end":{"line":5,"column":49}},"3":{"start":{"line":5,"column":17},"end":{"line":5,"column":19}},"4":{"start":{"line":5,"column":30},"end":{"line":5,"column":34}},"5":{"start":{"line":7,"column":22},"end":{"line":9,"column":3}},"6":{"start":{"line":8,"column":4},"end":{"line":8,"column":22}},"7":{"start":{"line":11,"column":2},"end":{"line":13,"column":3}},"8":{"start":{"line":12,"column":4},"end":{"line":12,"column":44}},"9":{"start":{"line":15,"column":2},"end":{"line":19,"column":4}},"10":{"start":{"line":4,"column":0},"end":{"line":4,"column":16}}},"fnMap":{"0":{"name":"ErrorButton","decl":{"start":{"line":4,"column":16},"end":{"line":4,"column":27}},"loc":{"start":{"line":4,"column":27},"end":{"line":20,"column":1}}},"1":{"name":"(anonymous_2)","decl":{"start":{"line":7,"column":22},"end":{"line":7,"column":null}},"loc":{"start":{"line":7,"column":22},"end":{"line":9,"column":3}}}},"branchMap":{"0":{"loc":{"start":{"line":11,"column":2},"end":{"line":13,"column":3}},"type":"if","locations":[{"start":{"line":11,"column":2},"end":{"line":13,"column":3}}]}},"s":{"0":3,"1":3,"2":12,"3":11,"4":11,"5":11,"6":1,"7":11,"8":4,"9":7,"10":3},"f":{"0":12,"1":1},"b":{"0":[4]}}
,"/Users/shahzodubaydullaev/Documents/Courses/RSS-React/src/components/search.tsx": {"path":"/Users/shahzodubaydullaev/Documents/Courses/RSS-React/src/components/search.tsx","statementMap":{"0":{"start":{"line":1,"column":0},"end":{"line":1,"column":41}},"1":{"start":{"line":2,"column":0},"end":{"line":2,"column":55}},"2":{"start":{"line":3,"column":0},"end":{"line":3,"column":51}},"3":{"start":{"line":4,"column":0},"end":{"line":4,"column":44}},"4":{"start":{"line":7,"column":20},"end":{"line":7,"column":22}},"5":{"start":{"line":8,"column":19},"end":{"line":8,"column":32}},"6":{"start":{"line":9,"column":25},"end":{"line":9,"column":50}},"7":{"start":{"line":11,"column":2},"end":{"line":13,"column":9}},"8":{"start":{"line":12,"column":4},"end":{"line":12,"column":62}},"9":{"start":{"line":15,"column":28},"end":{"line":19,"column":3}},"10":{"start":{"line":16,"column":4},"end":{"line":16,"column":37}},"11":{"start":{"line":17,"column":4},"end":{"line":17,"column":44}},"12":{"start":{"line":18,"column":4},"end":{"line":18,"column":55}},"13":{"start":{"line":21,"column":22},"end":{"line":23,"column":3}},"14":{"start":{"line":22,"column":4},"end":{"line":22,"column":48}},"15":{"start":{"line":25,"column":2},"end":{"line":51,"column":4}},"16":{"start":{"line":6,"column":0},"end":{"line":6,"column":16}}},"fnMap":{"0":{"name":"Search","decl":{"start":{"line":6,"column":16},"end":{"line":6,"column":22}},"loc":{"start":{"line":6,"column":22},"end":{"line":52,"column":1}}},"1":{"name":"(anonymous_7)","decl":{"start":{"line":11,"column":12},"end":{"line":11,"column":null}},"loc":{"start":{"line":11,"column":12},"end":{"line":13,"column":3}}},"2":{"name":"(anonymous_8)","decl":{"start":{"line":15,"column":28},"end":{"line":15,"column":29}},"loc":{"start":{"line":15,"column":71},"end":{"line":19,"column":3}}},"3":{"name":"(anonymous_9)","decl":{"start":{"line":21,"column":22},"end":{"line":21,"column":null}},"loc":{"start":{"line":21,"column":22},"end":{"line":23,"column":3}}}},"branchMap":{"0":{"loc":{"start":{"line":12,"column":23},"end":{"line":12,"column":59}},"type":"binary-expr","locations":[{"start":{"line":12,"column":23},"end":{"line":12,"column":53}},{"start":{"line":12,"column":57},"end":{"line":12,"column":59}}]}},"s":{"0":2,"1":2,"2":2,"3":2,"4":8,"5":8,"6":6,"7":6,"8":3,"9":6,"10":1,"11":1,"12":1,"13":6,"14":0,"15":6,"16":2},"f":{"0":8,"1":3,"2":1,"3":0},"b":{"0":[3,0]}}
}
