{"/Users/shahzodubaydullaev/Documents/Courses/RSS-React/src/api.ts": {"path":"/Users/shahzodubaydullaev/Documents/Courses/RSS-React/src/api.ts","statementMap":{"0":{"start":{"line":1,"column":0},"end":{"line":1,"column":73}},"1":{"start":{"line":4,"column":18},"end":{"line":4,"column":63}},"2":{"start":{"line":5,"column":18},"end":{"line":11,"column":2}},"3":{"start":{"line":8,"column":4},"end":{"line":8,"column":59}},"4":{"start":{"line":9,"column":4},"end":{"line":9,"column":19}},"5":{"start":{"line":13,"column":13},"end":{"line":27,"column":3}},"6":{"start":{"line":15,"column":27},"end":{"line":26,"column":4}},"7":{"start":{"line":21,"column":8},"end":{"line":21,"column":95}},"8":{"start":{"line":24,"column":25},"end":{"line":24,"column":39}},"9":{"start":{"line":29,"column":15},"end":{"line":29,"column":59}}},"fnMap":{"0":{"name":"(anonymous_0)","decl":{"start":{"line":7,"column":2},"end":{"line":7,"column":16}},"loc":{"start":{"line":7,"column":24},"end":{"line":10,"column":3}}},"1":{"name":"(anonymous_1)","decl":{"start":{"line":15,"column":13},"end":{"line":15,"column":14}},"loc":{"start":{"line":15,"column":27},"end":{"line":26,"column":4}}},"2":{"name":"(anonymous_2)","decl":{"start":{"line":20,"column":13},"end":{"line":20,"column":14}},"loc":{"start":{"line":21,"column":8},"end":{"line":21,"column":95}}},"3":{"name":"(anonymous_3)","decl":{"start":{"line":24,"column":13},"end":{"line":24,"column":14}},"loc":{"start":{"line":24,"column":25},"end":{"line":24,"column":39}}}},"branchMap":{"0":{"loc":{"start":{"line":21,"column":75},"end":{"line":21,"column":93}},"type":"binary-expr","locations":[{"start":{"line":21,"column":75},"end":{"line":21,"column":81}},{"start":{"line":21,"column":85},"end":{"line":21,"column":93}}]}},"s":{"0":8,"1":8,"2":8,"3":4,"4":4,"5":8,"6":8,"7":4,"8":0,"9":8},"f":{"0":4,"1":8,"2":4,"3":0},"b":{"0":[4,4]}}
,"/Users/shahzodubaydullaev/Documents/Courses/RSS-React/src/app.tsx": {"path":"/Users/shahzodubaydullaev/Documents/Courses/RSS-React/src/app.tsx","statementMap":{"0":{"start":{"line":1,"column":0},"end":{"line":1,"column":41}},"1":{"start":{"line":2,"column":0},"end":{"line":2,"column":58}},"2":{"start":{"line":3,"column":0},"end":{"line":3,"column":55}},"3":{"start":{"line":4,"column":0},"end":{"line":4,"column":86}},"4":{"start":{"line":5,"column":0},"end":{"line":5,"column":48}},"5":{"start":{"line":6,"column":0},"end":{"line":6,"column":47}},"6":{"start":{"line":7,"column":0},"end":{"line":7,"column":53}},"7":{"start":{"line":8,"column":0},"end":{"line":8,"column":56}},"8":{"start":{"line":9,"column":0},"end":{"line":9,"column":43}},"9":{"start":{"line":10,"column":0},"end":{"line":10,"column":45}},"10":{"start":{"line":11,"column":0},"end":{"line":11,"column":45}},"11":{"start":{"line":14,"column":19},"end":{"line":14,"column":32}},"12":{"start":{"line":15,"column":19},"end":{"line":15,"column":32}},"13":{"start":{"line":16,"column":25},"end":{"line":16,"column":36}},"14":{"start":{"line":17,"column":15},"end":{"line":17,"column":38}},"15":{"start":{"line":18,"column":20},"end":{"line":18,"column":48}},"16":{"start":{"line":19,"column":25},"end":{"line":19,"column":40}},"17":{"start":{"line":20,"column":20},"end":{"line":20,"column":54}},"18":{"start":{"line":22,"column":2},"end":{"line":27,"column":29}},"19":{"start":{"line":23,"column":4},"end":{"line":26,"column":null}},"20":{"start":{"line":24,"column":6},"end":{"line":24,"column":36}},"21":{"start":{"line":25,"column":6},"end":{"line":25,"column":44}},"22":{"start":{"line":29,"column":2},"end":{"line":34,"column":18}},"23":{"start":{"line":30,"column":4},"end":{"line":33,"column":null}},"24":{"start":{"line":31,"column":6},"end":{"line":31,"column":53}},"25":{"start":{"line":32,"column":6},"end":{"line":32,"column":28}},"26":{"start":{"line":36,"column":2},"end":{"line":47,"column":4}},"27":{"start":{"line":13,"column":0},"end":{"line":13,"column":16}}},"fnMap":{"0":{"name":"App","decl":{"start":{"line":13,"column":16},"end":{"line":13,"column":19}},"loc":{"start":{"line":13,"column":19},"end":{"line":48,"column":1}}},"1":{"name":"(anonymous_1)","decl":{"start":{"line":22,"column":12},"end":{"line":22,"column":15}},"loc":{"start":{"line":22,"column":17},"end":{"line":27,"column":3}}},"2":{"name":"(anonymous_2)","decl":{"start":{"line":29,"column":12},"end":{"line":29,"column":15}},"loc":{"start":{"line":29,"column":17},"end":{"line":34,"column":3}}}},"branchMap":{"0":{"loc":{"start":{"line":23,"column":4},"end":{"line":26,"column":null}},"type":"if","locations":[{"start":{"line":23,"column":4},"end":{"line":26,"column":null}}]},"1":{"loc":{"start":{"line":30,"column":4},"end":{"line":33,"column":null}},"type":"if","locations":[{"start":{"line":30,"column":4},"end":{"line":33,"column":null}}]},"2":{"loc":{"start":{"line":42,"column":9},"end":{"line":42,"column":53}},"type":"cond-expr","locations":[{"start":{"line":42,"column":22},"end":{"line":42,"column":31}},{"start":{"line":42,"column":34},"end":{"line":42,"column":53}}]},"3":{"loc":{"start":{"line":45,"column":7},"end":{"line":45,"column":31}},"type":"binary-expr","locations":[{"start":{"line":45,"column":7},"end":{"line":45,"column":16}},{"start":{"line":45,"column":20},"end":{"line":45,"column":31}}]}},"s":{"0":1,"1":1,"2":1,"3":1,"4":1,"5":1,"6":1,"7":1,"8":1,"9":1,"10":1,"11":3,"12":2,"13":2,"14":2,"15":2,"16":2,"17":2,"18":2,"19":1,"20":1,"21":1,"22":2,"23":1,"24":0,"25":0,"26":2,"27":1},"f":{"0":3,"1":1,"2":1},"b":{"0":[1],"1":[0],"2":[1,1],"3":[2,0]}}
,"/Users/shahzodubaydullaev/Documents/Courses/RSS-React/src/appContext.tsx": {"path":"/Users/shahzodubaydullaev/Documents/Courses/RSS-React/src/appContext.tsx","statementMap":{"0":{"start":{"line":1,"column":0},"end":{"line":1,"column":57}},"1":{"start":{"line":2,"column":0},"end":{"line":2,"column":55}},"2":{"start":{"line":3,"column":0},"end":{"line":3,"column":47}},"3":{"start":{"line":4,"column":0},"end":{"line":4,"column":null}},"4":{"start":{"line":22,"column":19},"end":{"line":22,"column":72}},"5":{"start":{"line":25,"column":19},"end":{"line":25,"column":32}},"6":{"start":{"line":26,"column":19},"end":{"line":26,"column":32}},"7":{"start":{"line":27,"column":17},"end":{"line":27,"column":42}},"8":{"start":{"line":28,"column":15},"end":{"line":28,"column":38}},"9":{"start":{"line":29,"column":20},"end":{"line":29,"column":48}},"10":{"start":{"line":30,"column":23},"end":{"line":30,"column":54}},"11":{"start":{"line":32,"column":18},"end":{"line":56,"column":3}},"12":{"start":{"line":33,"column":22},"end":{"line":33,"column":67}},"13":{"start":{"line":34,"column":19},"end":{"line":36,"column":6}},"14":{"start":{"line":38,"column":4},"end":{"line":38,"column":39}},"15":{"start":{"line":40,"column":4},"end":{"line":55,"column":9}},"16":{"start":{"line":45,"column":26},"end":{"line":45,"column":41}},"17":{"start":{"line":47,"column":8},"end":{"line":49,"column":null}},"18":{"start":{"line":48,"column":10},"end":{"line":48,"column":42}},"19":{"start":{"line":50,"column":8},"end":{"line":50,"column":44}},"20":{"start":{"line":53,"column":8},"end":{"line":53,"column":39}},"21":{"start":{"line":54,"column":8},"end":{"line":54,"column":44}},"22":{"start":{"line":58,"column":21},"end":{"line":78,"column":3}},"23":{"start":{"line":59,"column":22},"end":{"line":59,"column":67}},"24":{"start":{"line":60,"column":19},"end":{"line":60,"column":58}},"25":{"start":{"line":62,"column":4},"end":{"line":62,"column":42}},"26":{"start":{"line":64,"column":4},"end":{"line":77,"column":9}},"27":{"start":{"line":69,"column":26},"end":{"line":69,"column":41}},"28":{"start":{"line":71,"column":8},"end":{"line":71,"column":47}},"29":{"start":{"line":72,"column":8},"end":{"line":72,"column":35}},"30":{"start":{"line":75,"column":8},"end":{"line":75,"column":47}},"31":{"start":{"line":76,"column":8},"end":{"line":76,"column":39}},"32":{"start":{"line":80,"column":22},"end":{"line":83,"column":3}},"33":{"start":{"line":81,"column":4},"end":{"line":81,"column":33}},"34":{"start":{"line":82,"column":4},"end":{"line":82,"column":30}},"35":{"start":{"line":85,"column":2},"end":{"line":95,"column":4}},"36":{"start":{"line":24,"column":0},"end":{"line":24,"column":16}},"37":{"start":{"line":99,"column":18},"end":{"line":99,"column":40}},"38":{"start":{"line":100,"column":2},"end":{"line":102,"column":null}},"39":{"start":{"line":101,"column":4},"end":{"line":101,"column":72}},"40":{"start":{"line":103,"column":2},"end":{"line":103,"column":17}},"41":{"start":{"line":98,"column":0},"end":{"line":98,"column":16}}},"fnMap":{"0":{"name":"AppProvider","decl":{"start":{"line":24,"column":16},"end":{"line":24,"column":27}},"loc":{"start":{"line":24,"column":71},"end":{"line":96,"column":1}}},"1":{"name":"(anonymous_1)","decl":{"start":{"line":32,"column":18},"end":{"line":32,"column":21}},"loc":{"start":{"line":32,"column":23},"end":{"line":56,"column":3}}},"2":{"name":"(anonymous_2)","decl":{"start":{"line":45,"column":12},"end":{"line":45,"column":13}},"loc":{"start":{"line":45,"column":26},"end":{"line":45,"column":41}}},"3":{"name":"(anonymous_3)","decl":{"start":{"line":46,"column":12},"end":{"line":46,"column":13}},"loc":{"start":{"line":46,"column":21},"end":{"line":51,"column":7}}},"4":{"name":"(anonymous_4)","decl":{"start":{"line":52,"column":13},"end":{"line":52,"column":14}},"loc":{"start":{"line":52,"column":23},"end":{"line":55,"column":7}}},"5":{"name":"(anonymous_5)","decl":{"start":{"line":58,"column":21},"end":{"line":58,"column":22}},"loc":{"start":{"line":58,"column":55},"end":{"line":78,"column":3}}},"6":{"name":"(anonymous_6)","decl":{"start":{"line":69,"column":12},"end":{"line":69,"column":13}},"loc":{"start":{"line":69,"column":26},"end":{"line":69,"column":41}}},"7":{"name":"(anonymous_7)","decl":{"start":{"line":70,"column":12},"end":{"line":70,"column":13}},"loc":{"start":{"line":70,"column":21},"end":{"line":73,"column":7}}},"8":{"name":"(anonymous_8)","decl":{"start":{"line":74,"column":13},"end":{"line":74,"column":14}},"loc":{"start":{"line":74,"column":23},"end":{"line":77,"column":7}}},"9":{"name":"(anonymous_9)","decl":{"start":{"line":80,"column":22},"end":{"line":80,"column":25}},"loc":{"start":{"line":80,"column":27},"end":{"line":83,"column":3}}},"10":{"name":"useAppContext","decl":{"start":{"line":98,"column":16},"end":{"line":98,"column":29}},"loc":{"start":{"line":98,"column":29},"end":{"line":104,"column":1}}}},"branchMap":{"0":{"loc":{"start":{"line":35,"column":6},"end":{"line":35,"column":null}},"type":"binary-expr","locations":[{"start":{"line":35,"column":6},"end":{"line":35,"column":12}},{"start":{"line":35,"column":16},"end":{"line":35,"column":null}}]},"1":{"loc":{"start":{"line":47,"column":8},"end":{"line":49,"column":null}},"type":"if","locations":[{"start":{"line":47,"column":8},"end":{"line":49,"column":null}}]},"2":{"loc":{"start":{"line":58,"column":22},"end":{"line":58,"column":51}},"type":"default-arg","locations":[{"start":{"line":58,"column":42},"end":{"line":58,"column":51}}]},"3":{"loc":{"start":{"line":100,"column":2},"end":{"line":102,"column":null}},"type":"if","locations":[{"start":{"line":100,"column":2},"end":{"line":102,"column":null}}]}},"s":{"0":5,"1":5,"2":5,"3":5,"4":5,"5":9,"6":9,"7":9,"8":9,"9":9,"10":9,"11":9,"12":0,"13":0,"14":0,"15":0,"16":0,"17":0,"18":0,"19":0,"20":0,"21":0,"22":9,"23":0,"24":0,"25":0,"26":0,"27":0,"28":0,"29":0,"30":0,"31":0,"32":9,"33":0,"34":0,"35":9,"36":5,"37":2,"38":2,"39":0,"40":2,"41":5},"f":{"0":9,"1":0,"2":0,"3":0,"4":0,"5":0,"6":0,"7":0,"8":0,"9":0,"10":2},"b":{"0":[0,0],"1":[0],"2":[0],"3":[0]}}
,"/Users/shahzodubaydullaev/Documents/Courses/RSS-React/src/errorboundary.tsx": {"path":"/Users/shahzodubaydullaev/Documents/Courses/RSS-React/src/errorboundary.tsx","statementMap":{"0":{"start":{"line":1,"column":0},"end":{"line":1,"column":26}},"1":{"start":{"line":6,"column":4},"end":{"line":6,"column":17}},"2":{"start":{"line":7,"column":4},"end":{"line":7,"column":48}},"3":{"start":{"line":11,"column":4},"end":{"line":11,"column":63}},"4":{"start":{"line":12,"column":4},"end":{"line":12,"column":59}},"5":{"start":{"line":16,"column":4},"end":{"line":27,"column":null}},"6":{"start":{"line":17,"column":6},"end":{"line":26,"column":8}},"7":{"start":{"line":29,"column":4},"end":{"line":29,"column":31}},"8":{"start":{"line":4,"column":0},"end":{"line":4,"column":13}}},"fnMap":{"0":{"name":"(anonymous_1)","decl":{"start":{"line":5,"column":2},"end":{"line":5,"column":14}},"loc":{"start":{"line":5,"column":33},"end":{"line":8,"column":3}}},"1":{"name":"(anonymous_2)","decl":{"start":{"line":10,"column":2},"end":{"line":10,"column":19}},"loc":{"start":{"line":10,"column":32},"end":{"line":13,"column":3}}},"2":{"name":"(anonymous_3)","decl":{"start":{"line":15,"column":2},"end":{"line":15,"column":8}},"loc":{"start":{"line":15,"column":8},"end":{"line":30,"column":3}}}},"branchMap":{"0":{"loc":{"start":{"line":16,"column":4},"end":{"line":27,"column":null}},"type":"if","locations":[{"start":{"line":16,"column":4},"end":{"line":27,"column":null}}]}},"s":{"0":1,"1":2,"2":1,"3":0,"4":0,"5":2,"6":0,"7":2,"8":1},"f":{"0":2,"1":0,"2":2},"b":{"0":[0]}}
,"/Users/shahzodubaydullaev/Documents/Courses/RSS-React/src/routes.tsx": {"path":"/Users/shahzodubaydullaev/Documents/Courses/RSS-React/src/routes.tsx","statementMap":{"0":{"start":{"line":1,"column":0},"end":{"line":1,"column":41}},"1":{"start":{"line":22,"column":9},"end":{"line":1,"column":84}},"2":{"start":{"line":2,"column":0},"end":{"line":2,"column":28}},"3":{"start":{"line":3,"column":0},"end":{"line":3,"column":49}},"4":{"start":{"line":4,"column":0},"end":{"line":4,"column":43}},"5":{"start":{"line":7,"column":2},"end":{"line":20,"column":4}},"6":{"start":{"line":6,"column":0},"end":{"line":6,"column":16}}},"fnMap":{"0":{"name":"(anonymous_0)","decl":{"start":{"line":22,"column":9},"end":{"line":22,"column":15}},"loc":{"start":{"line":22,"column":9},"end":{"line":1,"column":84}}},"1":{"name":"AppRoutes","decl":{"start":{"line":6,"column":16},"end":{"line":6,"column":25}},"loc":{"start":{"line":6,"column":25},"end":{"line":21,"column":1}}}},"branchMap":{},"s":{"0":1,"1":1,"2":1,"3":1,"4":1,"5":2,"6":1},"f":{"0":0,"1":2},"b":{}}
,"/Users/shahzodubaydullaev/Documents/Courses/RSS-React/src/store.ts": {"path":"/Users/shahzodubaydullaev/Documents/Courses/RSS-React/src/store.ts","statementMap":{"0":{"start":{"line":1,"column":0},"end":{"line":1,"column":50}},"1":{"start":{"line":2,"column":0},"end":{"line":2,"column":47}},"2":{"start":{"line":4,"column":0},"end":{"line":4,"column":28}},"3":{"start":{"line":6,"column":13},"end":{"line":52,"column":3}},"4":{"start":{"line":22,"column":6},"end":{"line":22,"column":36}},"5":{"start":{"line":25,"column":6},"end":{"line":25,"column":34}},"6":{"start":{"line":28,"column":6},"end":{"line":28,"column":34}},"7":{"start":{"line":31,"column":6},"end":{"line":31,"column":37}},"8":{"start":{"line":34,"column":6},"end":{"line":34,"column":39}},"9":{"start":{"line":37,"column":6},"end":{"line":37,"column":42}},"10":{"start":{"line":40,"column":6},"end":{"line":40,"column":39}},"11":{"start":{"line":43,"column":6},"end":{"line":43,"column":45}},"12":{"start":{"line":46,"column":6},"end":{"line":46,"column":48}},"13":{"start":{"line":49,"column":6},"end":{"line":49,"column":38}},"14":{"start":{"line":54,"column":13},"end":{"line":64,"column":null}},"15":{"start":{"line":67,"column":28},"end":{"line":67,"column":84}},"16":{"start":{"line":67,"column":68},"end":{"line":67,"column":84}},"17":{"start":{"line":67,"column":13},"end":{"line":67,"column":28}},"18":{"start":{"line":68,"column":26},"end":{"line":68,"column":81}},"19":{"start":{"line":68,"column":67},"end":{"line":68,"column":81}},"20":{"start":{"line":68,"column":13},"end":{"line":68,"column":26}},"21":{"start":{"line":69,"column":26},"end":{"line":69,"column":78}},"22":{"start":{"line":69,"column":64},"end":{"line":69,"column":78}},"23":{"start":{"line":69,"column":13},"end":{"line":69,"column":26}},"24":{"start":{"line":70,"column":29},"end":{"line":70,"column":88}},"25":{"start":{"line":70,"column":71},"end":{"line":70,"column":88}},"26":{"start":{"line":70,"column":13},"end":{"line":70,"column":29}},"27":{"start":{"line":71,"column":31},"end":{"line":71,"column":93}},"28":{"start":{"line":71,"column":74},"end":{"line":71,"column":93}},"29":{"start":{"line":71,"column":13},"end":{"line":71,"column":31}},"30":{"start":{"line":72,"column":34},"end":{"line":73,"column":24}},"31":{"start":{"line":73,"column":2},"end":{"line":73,"column":24}},"32":{"start":{"line":72,"column":13},"end":{"line":72,"column":34}},"33":{"start":{"line":74,"column":31},"end":{"line":74,"column":94}},"34":{"start":{"line":74,"column":75},"end":{"line":74,"column":94}},"35":{"start":{"line":74,"column":13},"end":{"line":74,"column":31}},"36":{"start":{"line":75,"column":37},"end":{"line":76,"column":27}},"37":{"start":{"line":76,"column":2},"end":{"line":76,"column":27}},"38":{"start":{"line":75,"column":13},"end":{"line":75,"column":37}},"39":{"start":{"line":77,"column":40},"end":{"line":78,"column":30}},"40":{"start":{"line":78,"column":2},"end":{"line":78,"column":30}},"41":{"start":{"line":77,"column":13},"end":{"line":77,"column":40}},"42":{"start":{"line":79,"column":30},"end":{"line":79,"column":90}},"43":{"start":{"line":79,"column":72},"end":{"line":79,"column":90}},"44":{"start":{"line":79,"column":13},"end":{"line":79,"column":30}},"45":{"start":{"line":81,"column":13},"end":{"line":87,"column":3}},"46":{"start":{"line":86,"column":40},"end":{"line":86,"column":85}}},"fnMap":{"0":{"name":"(anonymous_0)","decl":{"start":{"line":21,"column":15},"end":{"line":21,"column":16}},"loc":{"start":{"line":21,"column":33},"end":{"line":23,"column":5}}},"1":{"name":"(anonymous_1)","decl":{"start":{"line":24,"column":13},"end":{"line":24,"column":14}},"loc":{"start":{"line":24,"column":31},"end":{"line":26,"column":5}}},"2":{"name":"(anonymous_2)","decl":{"start":{"line":27,"column":13},"end":{"line":27,"column":14}},"loc":{"start":{"line":27,"column":31},"end":{"line":29,"column":5}}},"3":{"name":"(anonymous_3)","decl":{"start":{"line":30,"column":16},"end":{"line":30,"column":17}},"loc":{"start":{"line":30,"column":34},"end":{"line":32,"column":5}}},"4":{"name":"(anonymous_4)","decl":{"start":{"line":33,"column":18},"end":{"line":33,"column":19}},"loc":{"start":{"line":33,"column":36},"end":{"line":35,"column":5}}},"5":{"name":"(anonymous_5)","decl":{"start":{"line":36,"column":21},"end":{"line":36,"column":22}},"loc":{"start":{"line":36,"column":39},"end":{"line":38,"column":5}}},"6":{"name":"(anonymous_6)","decl":{"start":{"line":39,"column":18},"end":{"line":39,"column":19}},"loc":{"start":{"line":39,"column":36},"end":{"line":41,"column":5}}},"7":{"name":"(anonymous_7)","decl":{"start":{"line":42,"column":24},"end":{"line":42,"column":25}},"loc":{"start":{"line":42,"column":42},"end":{"line":44,"column":5}}},"8":{"name":"(anonymous_8)","decl":{"start":{"line":45,"column":27},"end":{"line":45,"column":28}},"loc":{"start":{"line":45,"column":45},"end":{"line":47,"column":5}}},"9":{"name":"(anonymous_9)","decl":{"start":{"line":48,"column":17},"end":{"line":48,"column":18}},"loc":{"start":{"line":48,"column":35},"end":{"line":50,"column":5}}},"10":{"name":"(anonymous_10)","decl":{"start":{"line":67,"column":28},"end":{"line":67,"column":29}},"loc":{"start":{"line":67,"column":68},"end":{"line":67,"column":84}}},"11":{"name":"(anonymous_11)","decl":{"start":{"line":68,"column":26},"end":{"line":68,"column":27}},"loc":{"start":{"line":68,"column":67},"end":{"line":68,"column":81}}},"12":{"name":"(anonymous_12)","decl":{"start":{"line":69,"column":26},"end":{"line":69,"column":27}},"loc":{"start":{"line":69,"column":64},"end":{"line":69,"column":78}}},"13":{"name":"(anonymous_13)","decl":{"start":{"line":70,"column":29},"end":{"line":70,"column":30}},"loc":{"start":{"line":70,"column":71},"end":{"line":70,"column":88}}},"14":{"name":"(anonymous_14)","decl":{"start":{"line":71,"column":31},"end":{"line":71,"column":32}},"loc":{"start":{"line":71,"column":74},"end":{"line":71,"column":93}}},"15":{"name":"(anonymous_15)","decl":{"start":{"line":72,"column":34},"end":{"line":72,"column":35}},"loc":{"start":{"line":73,"column":2},"end":{"line":73,"column":24}}},"16":{"name":"(anonymous_16)","decl":{"start":{"line":74,"column":31},"end":{"line":74,"column":32}},"loc":{"start":{"line":74,"column":75},"end":{"line":74,"column":94}}},"17":{"name":"(anonymous_17)","decl":{"start":{"line":75,"column":37},"end":{"line":75,"column":38}},"loc":{"start":{"line":76,"column":2},"end":{"line":76,"column":27}}},"18":{"name":"(anonymous_18)","decl":{"start":{"line":77,"column":40},"end":{"line":77,"column":41}},"loc":{"start":{"line":78,"column":2},"end":{"line":78,"column":30}}},"19":{"name":"(anonymous_19)","decl":{"start":{"line":79,"column":30},"end":{"line":79,"column":31}},"loc":{"start":{"line":79,"column":72},"end":{"line":79,"column":90}}},"20":{"name":"(anonymous_20)","decl":{"start":{"line":86,"column":14},"end":{"line":86,"column":15}},"loc":{"start":{"line":86,"column":40},"end":{"line":86,"column":85}}}},"branchMap":{"0":{"loc":{"start":{"line":9,"column":12},"end":{"line":9,"column":48}},"type":"binary-expr","locations":[{"start":{"line":9,"column":12},"end":{"line":9,"column":42}},{"start":{"line":9,"column":46},"end":{"line":9,"column":48}}]}},"s":{"0":8,"1":8,"2":8,"3":8,"4":1,"5":3,"6":4,"7":5,"8":2,"9":0,"10":0,"11":5,"12":0,"13":0,"14":8,"15":8,"16":91,"17":8,"18":8,"19":11,"20":8,"21":8,"22":117,"23":8,"24":8,"25":7,"26":8,"27":8,"28":43,"29":8,"30":8,"31":95,"32":8,"33":8,"34":0,"35":8,"36":8,"37":10,"38":8,"39":8,"40":11,"41":8,"42":8,"43":0,"44":8,"45":8,"46":8},"f":{"0":1,"1":3,"2":4,"3":5,"4":2,"5":0,"6":0,"7":5,"8":0,"9":0,"10":91,"11":11,"12":117,"13":7,"14":43,"15":95,"16":0,"17":10,"18":11,"19":0,"20":8},"b":{"0":[8,8]}}
,"/Users/shahzodubaydullaev/Documents/Courses/RSS-React/src/components/card.tsx": {"path":"/Users/shahzodubaydullaev/Documents/Courses/RSS-React/src/components/card.tsx","statementMap":{"0":{"start":{"line":5,"column":2},"end":{"line":12,"column":4}},"1":{"start":{"line":4,"column":0},"end":{"line":4,"column":16}}},"fnMap":{"0":{"name":"Card","decl":{"start":{"line":4,"column":16},"end":{"line":4,"column":20}},"loc":{"start":{"line":4,"column":37},"end":{"line":13,"column":1}}}},"branchMap":{},"s":{"0":6,"1":4},"f":{"0":6},"b":{}}
,"/Users/shahzodubaydullaev/Documents/Courses/RSS-React/src/components/cards.tsx": {"path":"/Users/shahzodubaydullaev/Documents/Courses/RSS-React/src/components/cards.tsx","statementMap":{"0":{"start":{"line":2,"column":0},"end":{"line":2,"column":55}},"1":{"start":{"line":3,"column":0},"end":{"line":3,"column":52}},"2":{"start":{"line":4,"column":0},"end":{"line":4,"column":30}},"3":{"start":{"line":6,"column":21},"end":{"line":23,"column":1}},"4":{"start":{"line":7,"column":19},"end":{"line":7,"column":32}},"5":{"start":{"line":8,"column":15},"end":{"line":8,"column":38}},"6":{"start":{"line":10,"column":22},"end":{"line":12,"column":3}},"7":{"start":{"line":11,"column":4},"end":{"line":11,"column":31}},"8":{"start":{"line":14,"column":2},"end":{"line":22,"column":4}},"9":{"start":{"line":17,"column":25},"end":{"line":17,"column":43}},"10":{"start":{"line":17,"column":70},"end":{"line":17,"column":88}},"11":{"start":{"line":6,"column":13},"end":{"line":6,"column":21}}},"fnMap":{"0":{"name":"(anonymous_0)","decl":{"start":{"line":6,"column":21},"end":{"line":6,"column":24}},"loc":{"start":{"line":6,"column":26},"end":{"line":23,"column":1}}},"1":{"name":"(anonymous_1)","decl":{"start":{"line":10,"column":22},"end":{"line":10,"column":23}},"loc":{"start":{"line":10,"column":37},"end":{"line":12,"column":3}}},"2":{"name":"(anonymous_2)","decl":{"start":{"line":17,"column":17},"end":{"line":17,"column":18}},"loc":{"start":{"line":17,"column":25},"end":{"line":17,"column":43}}},"3":{"name":"(anonymous_3)","decl":{"start":{"line":17,"column":64},"end":{"line":17,"column":67}},"loc":{"start":{"line":17,"column":70},"end":{"line":17,"column":88}}}},"branchMap":{"0":{"loc":{"start":{"line":16,"column":7},"end":{"line":19,"column":null}},"type":"cond-expr","locations":[{"start":{"line":17,"column":8},"end":{"line":17,"column":93}},{"start":{"line":19,"column":8},"end":{"line":19,"column":24}}]}},"s":{"0":3,"1":3,"2":3,"3":3,"4":4,"5":4,"6":4,"7":0,"8":4,"9":3,"10":0,"11":3},"f":{"0":4,"1":0,"2":3,"3":0},"b":{"0":[2,2]}}
,"/Users/shahzodubaydullaev/Documents/Courses/RSS-React/src/components/details.tsx": {"path":"/Users/shahzodubaydullaev/Documents/Courses/RSS-React/src/components/details.tsx","statementMap":{"0":{"start":{"line":2,"column":0},"end":{"line":2,"column":55}},"1":{"start":{"line":3,"column":0},"end":{"line":3,"column":93}},"2":{"start":{"line":4,"column":0},"end":{"line":4,"column":30}},"3":{"start":{"line":7,"column":19},"end":{"line":7,"column":32}},"4":{"start":{"line":8,"column":18},"end":{"line":8,"column":44}},"5":{"start":{"line":9,"column":20},"end":{"line":9,"column":57}},"6":{"start":{"line":11,"column":22},"end":{"line":14,"column":3}},"7":{"start":{"line":12,"column":4},"end":{"line":12,"column":33}},"8":{"start":{"line":13,"column":4},"end":{"line":13,"column":31}},"9":{"start":{"line":16,"column":27},"end":{"line":19,"column":3}},"10":{"start":{"line":17,"column":4},"end":{"line":17,"column":24}},"11":{"start":{"line":18,"column":4},"end":{"line":18,"column":18}},"12":{"start":{"line":21,"column":2},"end":{"line":55,"column":4}},"13":{"start":{"line":6,"column":0},"end":{"line":6,"column":16}}},"fnMap":{"0":{"name":"Details","decl":{"start":{"line":6,"column":16},"end":{"line":6,"column":23}},"loc":{"start":{"line":6,"column":23},"end":{"line":56,"column":1}}},"1":{"name":"(anonymous_1)","decl":{"start":{"line":11,"column":22},"end":{"line":11,"column":25}},"loc":{"start":{"line":11,"column":27},"end":{"line":14,"column":3}}},"2":{"name":"(anonymous_2)","decl":{"start":{"line":16,"column":27},"end":{"line":16,"column":28}},"loc":{"start":{"line":16,"column":67},"end":{"line":19,"column":3}}}},"branchMap":{"0":{"loc":{"start":{"line":43,"column":9},"end":{"line":51,"column":null}},"type":"cond-expr","locations":[{"start":{"line":44,"column":10},"end":{"line":48,"column":null}},{"start":{"line":51,"column":10},"end":{"line":51,"column":51}}]},"1":{"loc":{"start":{"line":43,"column":9},"end":{"line":43,"column":39}},"type":"binary-expr","locations":[{"start":{"line":43,"column":9},"end":{"line":43,"column":25}},{"start":{"line":43,"column":29},"end":{"line":43,"column":39}}]}},"s":{"0":2,"1":2,"2":2,"3":4,"4":4,"5":4,"6":4,"7":2,"8":2,"9":4,"10":1,"11":1,"12":4,"13":2},"f":{"0":4,"1":2,"2":1},"b":{"0":[2,2],"1":[4,2]}}
,"/Users/shahzodubaydullaev/Documents/Courses/RSS-React/src/components/errorbutton.tsx": {"path":"/Users/shahzodubaydullaev/Documents/Courses/RSS-React/src/components/errorbutton.tsx","statementMap":{"0":{"start":{"line":1,"column":0},"end":{"line":1,"column":33}},"1":{"start":{"line":4,"column":34},"end":{"line":4,"column":49}},"2":{"start":{"line":6,"column":22},"end":{"line":8,"column":3}},"3":{"start":{"line":7,"column":4},"end":{"line":7,"column":22}},"4":{"start":{"line":10,"column":2},"end":{"line":12,"column":null}},"5":{"start":{"line":11,"column":4},"end":{"line":11,"column":44}},"6":{"start":{"line":14,"column":2},"end":{"line":18,"column":4}},"7":{"start":{"line":3,"column":0},"end":{"line":3,"column":16}}},"fnMap":{"0":{"name":"ErrorButton","decl":{"start":{"line":3,"column":16},"end":{"line":3,"column":27}},"loc":{"start":{"line":3,"column":27},"end":{"line":19,"column":1}}},"1":{"name":"(anonymous_1)","decl":{"start":{"line":6,"column":22},"end":{"line":6,"column":25}},"loc":{"start":{"line":6,"column":27},"end":{"line":8,"column":3}}}},"branchMap":{"0":{"loc":{"start":{"line":10,"column":2},"end":{"line":12,"column":null}},"type":"if","locations":[{"start":{"line":10,"column":2},"end":{"line":12,"column":null}}]}},"s":{"0":4,"1":19,"2":18,"3":1,"4":18,"5":4,"6":14,"7":4},"f":{"0":19,"1":1},"b":{"0":[4]}}
,"/Users/shahzodubaydullaev/Documents/Courses/RSS-React/src/components/itemPerPage.tsx": {"path":"/Users/shahzodubaydullaev/Documents/Courses/RSS-React/src/components/itemPerPage.tsx","statementMap":{"0":{"start":{"line":1,"column":0},"end":{"line":1,"column":41}},"1":{"start":{"line":2,"column":0},"end":{"line":2,"column":55}},"2":{"start":{"line":3,"column":0},"end":{"line":3,"column":null}},"3":{"start":{"line":12,"column":0},"end":{"line":12,"column":29}},"4":{"start":{"line":15,"column":19},"end":{"line":15,"column":32}},"5":{"start":{"line":17,"column":25},"end":{"line":17,"column":50}},"6":{"start":{"line":18,"column":31},"end":{"line":18,"column":62}},"7":{"start":{"line":19,"column":23},"end":{"line":19,"column":46}},"8":{"start":{"line":21,"column":19},"end":{"line":25,"column":4}},"9":{"start":{"line":27,"column":2},"end":{"line":33,"column":13}},"10":{"start":{"line":28,"column":4},"end":{"line":28,"column":39}},"11":{"start":{"line":29,"column":4},"end":{"line":32,"column":null}},"12":{"start":{"line":30,"column":6},"end":{"line":30,"column":38}},"13":{"start":{"line":31,"column":6},"end":{"line":31,"column":42}},"14":{"start":{"line":35,"column":23},"end":{"line":38,"column":3}},"15":{"start":{"line":36,"column":4},"end":{"line":36,"column":37}},"16":{"start":{"line":37,"column":4},"end":{"line":37,"column":25}},"17":{"start":{"line":40,"column":2},"end":{"line":53,"column":4}},"18":{"start":{"line":43,"column":72},"end":{"line":43,"column":88}},"19":{"start":{"line":46,"column":72},"end":{"line":46,"column":88}},"20":{"start":{"line":49,"column":72},"end":{"line":49,"column":88}},"21":{"start":{"line":14,"column":0},"end":{"line":14,"column":16}}},"fnMap":{"0":{"name":"ItemsPerPage","decl":{"start":{"line":14,"column":16},"end":{"line":14,"column":28}},"loc":{"start":{"line":14,"column":28},"end":{"line":54,"column":1}}},"1":{"name":"(anonymous_1)","decl":{"start":{"line":27,"column":12},"end":{"line":27,"column":15}},"loc":{"start":{"line":27,"column":17},"end":{"line":33,"column":3}}},"2":{"name":"(anonymous_2)","decl":{"start":{"line":35,"column":23},"end":{"line":35,"column":24}},"loc":{"start":{"line":35,"column":41},"end":{"line":38,"column":3}}},"3":{"name":"(anonymous_3)","decl":{"start":{"line":43,"column":66},"end":{"line":43,"column":69}},"loc":{"start":{"line":43,"column":72},"end":{"line":43,"column":88}}},"4":{"name":"(anonymous_4)","decl":{"start":{"line":46,"column":66},"end":{"line":46,"column":69}},"loc":{"start":{"line":46,"column":72},"end":{"line":46,"column":88}}},"5":{"name":"(anonymous_5)","decl":{"start":{"line":49,"column":66},"end":{"line":49,"column":69}},"loc":{"start":{"line":49,"column":72},"end":{"line":49,"column":88}}}},"branchMap":{"0":{"loc":{"start":{"line":29,"column":4},"end":{"line":32,"column":null}},"type":"if","locations":[{"start":{"line":29,"column":4},"end":{"line":32,"column":null}}]}},"s":{"0":1,"1":1,"2":1,"3":1,"4":4,"5":3,"6":3,"7":3,"8":3,"9":3,"10":1,"11":1,"12":0,"13":0,"14":3,"15":0,"16":0,"17":3,"18":0,"19":0,"20":0,"21":1},"f":{"0":4,"1":1,"2":0,"3":0,"4":0,"5":0},"b":{"0":[0]}}
,"/Users/shahzodubaydullaev/Documents/Courses/RSS-React/src/components/notfound.tsx": {"path":"/Users/shahzodubaydullaev/Documents/Courses/RSS-React/src/components/notfound.tsx","statementMap":{"0":{"start":{"line":1,"column":0},"end":{"line":1,"column":40}},"1":{"start":{"line":4,"column":2},"end":{"line":16,"column":4}},"2":{"start":{"line":3,"column":0},"end":{"line":3,"column":16}}},"fnMap":{"0":{"name":"NotFound","decl":{"start":{"line":3,"column":16},"end":{"line":3,"column":24}},"loc":{"start":{"line":3,"column":24},"end":{"line":17,"column":1}}}},"branchMap":{},"s":{"0":2,"1":1,"2":2},"f":{"0":1},"b":{}}
,"/Users/shahzodubaydullaev/Documents/Courses/RSS-React/src/components/pagination.tsx": {"path":"/Users/shahzodubaydullaev/Documents/Courses/RSS-React/src/components/pagination.tsx","statementMap":{"0":{"start":{"line":2,"column":0},"end":{"line":2,"column":55}},"1":{"start":{"line":3,"column":0},"end":{"line":3,"column":47}},"2":{"start":{"line":4,"column":0},"end":{"line":4,"column":47}},"3":{"start":{"line":7,"column":19},"end":{"line":7,"column":32}},"4":{"start":{"line":8,"column":19},"end":{"line":8,"column":32}},"5":{"start":{"line":9,"column":15},"end":{"line":9,"column":38}},"6":{"start":{"line":11,"column":21},"end":{"line":14,"column":3}},"7":{"start":{"line":12,"column":4},"end":{"line":12,"column":31}},"8":{"start":{"line":13,"column":4},"end":{"line":13,"column":33}},"9":{"start":{"line":16,"column":26},"end":{"line":16,"column":77}},"10":{"start":{"line":18,"column":2},"end":{"line":45,"column":4}},"11":{"start":{"line":26,"column":27},"end":{"line":26,"column":47}},"12":{"start":{"line":32,"column":10},"end":{"line":32,"column":28}},"13":{"start":{"line":33,"column":57},"end":{"line":33,"column":76}},"14":{"start":{"line":39,"column":78},"end":{"line":39,"column":98}},"15":{"start":{"line":6,"column":0},"end":{"line":6,"column":16}}},"fnMap":{"0":{"name":"Pagination","decl":{"start":{"line":6,"column":16},"end":{"line":6,"column":26}},"loc":{"start":{"line":6,"column":26},"end":{"line":46,"column":1}}},"1":{"name":"(anonymous_1)","decl":{"start":{"line":11,"column":21},"end":{"line":11,"column":22}},"loc":{"start":{"line":11,"column":41},"end":{"line":14,"column":3}}},"2":{"name":"(anonymous_2)","decl":{"start":{"line":26,"column":21},"end":{"line":26,"column":24}},"loc":{"start":{"line":26,"column":27},"end":{"line":26,"column":47}}},"3":{"name":"(anonymous_3)","decl":{"start":{"line":31,"column":29},"end":{"line":31,"column":30}},"loc":{"start":{"line":32,"column":10},"end":{"line":32,"column":28}}},"4":{"name":"(anonymous_4)","decl":{"start":{"line":33,"column":51},"end":{"line":33,"column":54}},"loc":{"start":{"line":33,"column":57},"end":{"line":33,"column":76}}},"5":{"name":"(anonymous_5)","decl":{"start":{"line":39,"column":72},"end":{"line":39,"column":75}},"loc":{"start":{"line":39,"column":78},"end":{"line":39,"column":98}}}},"branchMap":{"0":{"loc":{"start":{"line":16,"column":26},"end":{"line":16,"column":77}},"type":"cond-expr","locations":[{"start":{"line":16,"column":39},"end":{"line":16,"column":48}},{"start":{"line":16,"column":51},"end":{"line":16,"column":77}}]},"1":{"loc":{"start":{"line":21,"column":36},"end":{"line":21,"column":60}},"type":"binary-expr","locations":[{"start":{"line":21,"column":36},"end":{"line":21,"column":46}},{"start":{"line":21,"column":50},"end":{"line":21,"column":60}}]},"2":{"loc":{"start":{"line":32,"column":52},"end":{"line":32,"column":80}},"type":"binary-expr","locations":[{"start":{"line":32,"column":52},"end":{"line":32,"column":68}},{"start":{"line":32,"column":72},"end":{"line":32,"column":80}}]}},"s":{"0":2,"1":2,"2":2,"3":8,"4":8,"5":8,"6":8,"7":2,"8":2,"9":8,"10":8,"11":1,"12":24,"13":0,"14":1,"15":2},"f":{"0":8,"1":2,"2":1,"3":24,"4":0,"5":1},"b":{"0":[7,1],"1":[8,7],"2":[24,8]}}
,"/Users/shahzodubaydullaev/Documents/Courses/RSS-React/src/components/search.tsx": {"path":"/Users/shahzodubaydullaev/Documents/Courses/RSS-React/src/components/search.tsx","statementMap":{"0":{"start":{"line":1,"column":0},"end":{"line":1,"column":41}},"1":{"start":{"line":2,"column":0},"end":{"line":2,"column":55}},"2":{"start":{"line":3,"column":0},"end":{"line":3,"column":null}},"3":{"start":{"line":11,"column":0},"end":{"line":11,"column":44}},"4":{"start":{"line":12,"column":0},"end":{"line":12,"column":29}},"5":{"start":{"line":15,"column":20},"end":{"line":15,"column":22}},"6":{"start":{"line":16,"column":19},"end":{"line":16,"column":32}},"7":{"start":{"line":17,"column":25},"end":{"line":17,"column":50}},"8":{"start":{"line":18,"column":31},"end":{"line":18,"column":62}},"9":{"start":{"line":19,"column":23},"end":{"line":19,"column":46}},"10":{"start":{"line":21,"column":19},"end":{"line":25,"column":4}},"11":{"start":{"line":27,"column":2},"end":{"line":33,"column":9}},"12":{"start":{"line":28,"column":4},"end":{"line":28,"column":39}},"13":{"start":{"line":29,"column":4},"end":{"line":32,"column":null}},"14":{"start":{"line":30,"column":6},"end":{"line":30,"column":38}},"15":{"start":{"line":31,"column":6},"end":{"line":31,"column":42}},"16":{"start":{"line":35,"column":28},"end":{"line":38,"column":3}},"17":{"start":{"line":36,"column":4},"end":{"line":36,"column":37}},"18":{"start":{"line":37,"column":4},"end":{"line":37,"column":44}},"19":{"start":{"line":40,"column":22},"end":{"line":42,"column":3}},"20":{"start":{"line":41,"column":4},"end":{"line":41,"column":48}},"21":{"start":{"line":44,"column":2},"end":{"line":70,"column":4}},"22":{"start":{"line":14,"column":0},"end":{"line":14,"column":16}}},"fnMap":{"0":{"name":"Search","decl":{"start":{"line":14,"column":16},"end":{"line":14,"column":22}},"loc":{"start":{"line":14,"column":22},"end":{"line":71,"column":1}}},"1":{"name":"(anonymous_1)","decl":{"start":{"line":27,"column":12},"end":{"line":27,"column":15}},"loc":{"start":{"line":27,"column":17},"end":{"line":33,"column":3}}},"2":{"name":"(anonymous_2)","decl":{"start":{"line":35,"column":28},"end":{"line":35,"column":29}},"loc":{"start":{"line":35,"column":75},"end":{"line":38,"column":3}}},"3":{"name":"(anonymous_3)","decl":{"start":{"line":40,"column":22},"end":{"line":40,"column":25}},"loc":{"start":{"line":40,"column":27},"end":{"line":42,"column":3}}}},"branchMap":{"0":{"loc":{"start":{"line":29,"column":4},"end":{"line":32,"column":null}},"type":"if","locations":[{"start":{"line":29,"column":4},"end":{"line":32,"column":null}}]},"1":{"loc":{"start":{"line":55,"column":21},"end":{"line":55,"column":69}},"type":"binary-expr","locations":[{"start":{"line":55,"column":21},"end":{"line":55,"column":27}},{"start":{"line":55,"column":31},"end":{"line":55,"column":69}}]}},"s":{"0":3,"1":3,"2":3,"3":3,"4":3,"5":16,"6":16,"7":13,"8":13,"9":13,"10":13,"11":13,"12":4,"13":4,"14":0,"15":0,"16":13,"17":1,"18":1,"19":13,"20":0,"21":13,"22":3},"f":{"0":16,"1":4,"2":1,"3":0},"b":{"0":[0],"1":[13,11]}}
}
