TN:
SF:src/appContext.tsx
FN:28,AppProvider
FN:38,(anonymous_1)
FN:50,(anonymous_2)
FN:51,(anonymous_3)
FN:57,(anonymous_4)
FN:62,(anonymous_5)
FN:71,(anonymous_6)
FN:72,(anonymous_7)
FN:75,(anonymous_8)
FN:80,(anonymous_9)
FN:85,(anonymous_10)
FN:119,useAppContext
FNF:12
FNH:7
FNDA:15,AppProvider
FNDA:1,(anonymous_1)
FNDA:1,(anonymous_2)
FNDA:1,(anonymous_3)
FNDA:0,(anonymous_4)
FNDA:0,(anonymous_5)
FNDA:0,(anonymous_6)
FNDA:0,(anonymous_7)
FNDA:0,(anonymous_8)
FNDA:1,(anonymous_9)
FNDA:1,(anonymous_10)
FNDA:18,useAppContext
DA:1,4
DA:3,4
DA:26,4
DA:28,4
DA:29,15
DA:30,15
DA:31,15
DA:32,15
DA:33,15
DA:34,15
DA:35,15
DA:36,15
DA:38,15
DA:39,1
DA:40,1
DA:43,1
DA:45,1
DA:50,1
DA:52,1
DA:53,0
DA:55,1
DA:58,0
DA:62,15
DA:63,0
DA:64,0
DA:66,0
DA:71,0
DA:73,0
DA:76,0
DA:80,15
DA:81,1
DA:82,1
DA:85,15
DA:86,1
DA:87,1
DA:88,1
DA:91,15
DA:119,4
DA:120,18
DA:121,17
DA:122,0
DA:124,17
LF:42
LH:33
BRDA:30,0,0,15
BRDA:30,0,1,15
BRDA:41,1,0,1
BRDA:41,1,1,0
BRDA:52,2,0,0
BRDA:62,3,0,0
BRDA:121,4,0,0
BRF:7
BRH:3
end_of_record
TN:
SF:src/components/card.tsx
FN:4,Card
FNF:1
FNH:1
FNDA:4,Card
DA:4,3
DA:5,4
LF:2
LH:2
BRF:0
BRH:0
end_of_record
TN:
SF:src/components/cards.tsx
FN:5,(anonymous_0)
FN:8,(anonymous_1)
FN:20,(anonymous_2)
FNF:3
FNH:1
FNDA:2,(anonymous_0)
FNDA:0,(anonymous_1)
FNDA:0,(anonymous_2)
DA:2,1
DA:3,1
DA:5,1
DA:6,2
DA:8,2
DA:9,0
DA:11,0
DA:12,0
DA:13,0
DA:17,2
DA:20,0
LF:11
LH:6
BRDA:11,0,0,0
BRDA:19,1,0,0
BRDA:19,1,1,2
BRF:3
BRH:1
end_of_record
TN:
SF:src/components/details.tsx
FN:5,Details
FN:7,(anonymous_1)
FNF:2
FNH:2
FNDA:5,Details
FNDA:1,(anonymous_1)
DA:2,1
DA:3,1
DA:5,1
DA:6,5
DA:7,5
DA:8,1
DA:11,5
LF:7
LH:7
BRDA:33,0,0,2
BRDA:33,0,1,3
BRF:2
BRH:2
end_of_record
TN:
SF:src/components/errorbutton.tsx
FN:3,ErrorButton
FN:6,(anonymous_1)
FNF:2
FNH:2
FNDA:8,ErrorButton
FNDA:1,(anonymous_1)
DA:1,2
DA:3,2
DA:4,8
DA:6,7
DA:7,1
DA:10,7
DA:11,4
DA:14,3
LF:8
LH:8
BRDA:10,0,0,4
BRF:1
BRH:1
end_of_record
TN:
SF:src/components/notfound.tsx
FN:3,NotFound
FNF:1
FNH:1
FNDA:1,NotFound
DA:1,1
DA:3,1
DA:4,1
LF:3
LH:3
BRF:0
BRH:0
end_of_record
TN:
SF:src/components/pagination.tsx
FN:4,Pagination
FN:8,(anonymous_1)
FN:23,(anonymous_2)
FN:28,(anonymous_3)
FN:30,(anonymous_4)
FN:36,(anonymous_5)
FNF:6
FNH:5
FNDA:4,Pagination
FNDA:2,(anonymous_1)
FNDA:1,(anonymous_2)
FNDA:12,(anonymous_3)
FNDA:0,(anonymous_4)
FNDA:1,(anonymous_5)
DA:1,1
DA:2,1
DA:4,1
DA:5,4
DA:6,4
DA:8,4
DA:9,2
DA:10,2
DA:13,4
DA:15,4
DA:23,1
DA:29,12
DA:30,0
DA:36,1
LF:14
LH:13
BRDA:13,0,0,3
BRDA:13,0,1,1
BRDA:18,1,0,4
BRDA:18,1,1,3
BRDA:29,2,0,12
BRDA:29,2,1,4
BRF:6
BRH:6
end_of_record
TN:
SF:src/components/search.tsx
FN:5,Search
FN:9,(anonymous_1)
FN:15,(anonymous_2)
FNF:3
FNH:3
FNDA:2,Search
FNDA:1,(anonymous_1)
FNDA:1,(anonymous_2)
DA:2,1
DA:3,1
DA:5,1
DA:6,2
DA:7,2
DA:9,2
DA:10,1
DA:11,1
DA:12,1
DA:15,2
DA:16,1
DA:17,1
DA:20,2
LF:13
LH:13
BRDA:31,0,0,2
BRDA:31,0,1,0
BRF:2
BRH:1
end_of_record
