TN:
SF:src/api.ts
FN:7,(anonymous_0)
FN:15,(anonymous_1)
FN:20,(anonymous_2)
FN:24,(anonymous_3)
FNF:4
FNH:4
FNDA:2,(anonymous_0)
FNDA:8,(anonymous_1)
FNDA:1,(anonymous_2)
FNDA:1,(anonymous_3)
DA:1,8
DA:4,8
DA:5,8
DA:8,2
DA:9,2
DA:13,8
DA:15,8
DA:21,1
DA:24,1
DA:29,8
LF:10
LH:10
BRDA:21,0,0,1
BRDA:21,0,1,0
BRF:2
BRH:1
end_of_record
TN:
SF:src/app.tsx
FN:24,App
FN:40,(anonymous_1)
FN:48,(anonymous_2)
FN:57,(anonymous_3)
FNF:4
FNH:4
FNDA:4,App
FNDA:1,(anonymous_1)
FNDA:1,(anonymous_2)
FNDA:1,(anonymous_3)
DA:1,1
DA:2,1
DA:3,1
DA:4,1
DA:16,1
DA:17,1
DA:18,1
DA:19,1
DA:20,1
DA:21,1
DA:22,1
DA:24,1
DA:25,4
DA:26,3
DA:27,3
DA:28,3
DA:29,3
DA:30,3
DA:31,3
DA:32,3
DA:34,3
DA:40,3
DA:41,1
DA:42,1
DA:43,0
DA:44,0
DA:48,3
DA:49,1
DA:50,1
DA:51,1
DA:55,3
DA:57,3
DA:58,1
DA:59,1
DA:60,0
DA:61,0
DA:62,0
DA:66,3
LF:38
LH:33
BRDA:37,0,0,3
BRDA:37,0,1,3
BRDA:42,1,0,0
BRDA:49,2,0,1
BRDA:59,3,0,0
BRDA:59,4,0,1
BRDA:59,4,1,0
BRDA:72,5,0,1
BRDA:72,5,1,2
BRDA:75,6,0,3
BRDA:75,6,1,0
BRF:11
BRH:7
end_of_record
TN:
SF:src/errorboundary.tsx
FN:5,(anonymous_1)
FN:10,(anonymous_2)
FN:15,(anonymous_3)
FNF:3
FNH:2
FNDA:1,(anonymous_1)
FNDA:0,(anonymous_2)
FNDA:3,(anonymous_3)
DA:1,1
DA:4,1
DA:6,1
DA:7,1
DA:11,0
DA:12,0
DA:16,3
DA:17,0
DA:29,3
LF:9
LH:6
BRDA:16,0,0,0
BRF:1
BRH:0
end_of_record
TN:
SF:src/routes.tsx
FN:19,(anonymous_0)
FN:5,AppRoutes
FNF:2
FNH:1
FNDA:0,(anonymous_0)
FNDA:2,AppRoutes
DA:1,1
DA:2,1
DA:3,1
DA:5,1
DA:6,2
DA:19,1
LF:6
LH:6
BRF:0
BRH:0
end_of_record
TN:
SF:src/store.ts
FN:21,(anonymous_0)
FN:24,(anonymous_1)
FN:27,(anonymous_2)
FN:30,(anonymous_3)
FN:33,(anonymous_4)
FN:36,(anonymous_5)
FN:39,(anonymous_6)
FN:42,(anonymous_7)
FN:45,(anonymous_8)
FN:48,(anonymous_9)
FN:67,(anonymous_10)
FN:68,(anonymous_11)
FN:69,(anonymous_12)
FN:70,(anonymous_13)
FN:71,(anonymous_14)
FN:72,(anonymous_15)
FN:74,(anonymous_16)
FN:75,(anonymous_17)
FN:77,(anonymous_18)
FN:79,(anonymous_19)
FN:86,(anonymous_20)
FNF:21
FNH:16
FNDA:5,(anonymous_0)
FNDA:3,(anonymous_1)
FNDA:4,(anonymous_2)
FNDA:5,(anonymous_3)
FNDA:2,(anonymous_4)
FNDA:0,(anonymous_5)
FNDA:0,(anonymous_6)
FNDA:1,(anonymous_7)
FNDA:1,(anonymous_8)
FNDA:0,(anonymous_9)
FNDA:44,(anonymous_10)
FNDA:15,(anonymous_11)
FNDA:66,(anonymous_12)
FNDA:7,(anonymous_13)
FNDA:16,(anonymous_14)
FNDA:16,(anonymous_15)
FNDA:0,(anonymous_16)
FNDA:17,(anonymous_17)
FNDA:11,(anonymous_18)
FNDA:0,(anonymous_19)
FNDA:8,(anonymous_20)
DA:1,8
DA:2,8
DA:4,8
DA:6,8
DA:22,5
DA:25,3
DA:28,4
DA:31,5
DA:34,2
DA:37,0
DA:40,0
DA:43,1
DA:46,1
DA:49,0
DA:54,8
DA:67,44
DA:68,15
DA:69,66
DA:70,8
DA:71,16
DA:72,8
DA:73,16
DA:74,8
DA:75,8
DA:76,17
DA:77,8
DA:78,11
DA:79,8
DA:81,8
DA:86,8
LF:30
LH:27
BRDA:9,0,0,8
BRDA:9,0,1,8
BRF:2
BRH:2
end_of_record
TN:
SF:src/components/card.tsx
FN:4,Card
FNF:1
FNH:1
FNDA:6,Card
DA:4,4
DA:5,6
LF:2
LH:2
BRF:0
BRH:0
end_of_record
TN:
SF:src/components/cards.tsx
FN:6,(anonymous_0)
FN:10,(anonymous_1)
FN:17,(anonymous_2)
FN:17,(anonymous_3)
FNF:4
FNH:2
FNDA:4,(anonymous_0)
FNDA:0,(anonymous_1)
FNDA:3,(anonymous_2)
FNDA:0,(anonymous_3)
DA:2,3
DA:3,3
DA:4,3
DA:6,3
DA:7,4
DA:8,4
DA:10,4
DA:11,0
DA:14,4
DA:17,3
LF:10
LH:9
BRDA:16,0,0,2
BRDA:16,0,1,2
BRF:2
BRH:2
end_of_record
TN:
SF:src/components/details.tsx
FN:13,Details
FN:20,(anonymous_1)
FN:26,(anonymous_2)
FNF:3
FNH:3
FNDA:4,Details
FNDA:2,(anonymous_1)
FNDA:1,(anonymous_2)
DA:2,2
DA:3,2
DA:10,2
DA:11,2
DA:13,2
DA:14,4
DA:15,4
DA:16,4
DA:17,4
DA:18,4
DA:20,4
DA:21,2
DA:22,2
DA:23,2
DA:26,4
DA:27,1
DA:28,1
DA:31,4
LF:18
LH:18
BRDA:53,0,0,2
BRDA:53,0,1,2
BRDA:53,1,0,4
BRDA:53,1,1,2
BRF:4
BRH:4
end_of_record
TN:
SF:src/components/errorbutton.tsx
FN:3,ErrorButton
FN:6,(anonymous_1)
FNF:2
FNH:2
FNDA:15,ErrorButton
FNDA:1,(anonymous_1)
DA:1,4
DA:3,4
DA:4,15
DA:6,14
DA:7,1
DA:10,14
DA:11,4
DA:14,10
LF:8
LH:8
BRDA:10,0,0,4
BRF:1
BRH:1
end_of_record
TN:
SF:src/components/itemPerPage.tsx
FN:5,ItemsPerPage
FN:7,(anonymous_1)
FN:15,(anonymous_2)
FN:18,(anonymous_3)
FN:21,(anonymous_4)
FNF:5
FNH:1
FNDA:3,ItemsPerPage
FNDA:0,(anonymous_1)
FNDA:0,(anonymous_2)
FNDA:0,(anonymous_3)
FNDA:0,(anonymous_4)
DA:2,1
DA:3,1
DA:5,1
DA:6,3
DA:7,3
DA:8,0
DA:9,0
DA:12,3
DA:15,0
DA:18,0
DA:21,0
LF:11
LH:6
BRF:0
BRH:0
end_of_record
TN:
SF:src/components/notfound.tsx
FN:3,NotFound
FNF:1
FNH:1
FNDA:1,NotFound
DA:1,2
DA:3,2
DA:4,1
LF:3
LH:3
BRF:0
BRH:0
end_of_record
TN:
SF:src/components/pagination.tsx
FN:6,Pagination
FN:11,(anonymous_1)
FN:26,(anonymous_2)
FN:31,(anonymous_3)
FN:33,(anonymous_4)
FN:39,(anonymous_5)
FNF:6
FNH:5
FNDA:10,Pagination
FNDA:2,(anonymous_1)
FNDA:1,(anonymous_2)
FNDA:30,(anonymous_3)
FNDA:0,(anonymous_4)
FNDA:1,(anonymous_5)
DA:2,2
DA:3,2
DA:4,2
DA:6,2
DA:7,10
DA:8,10
DA:9,10
DA:11,10
DA:12,2
DA:13,2
DA:16,10
DA:18,10
DA:26,1
DA:32,30
DA:33,0
DA:39,1
LF:16
LH:15
BRDA:16,0,0,9
BRDA:16,0,1,1
BRDA:21,1,0,10
BRDA:21,1,1,9
BRDA:32,2,0,30
BRDA:32,2,1,10
BRF:6
BRH:6
end_of_record
TN:
SF:src/components/search.tsx
FN:6,Search
FN:11,(anonymous_1)
FN:15,(anonymous_2)
FN:21,(anonymous_3)
FNF:4
FNH:3
FNDA:9,Search
FNDA:4,(anonymous_1)
FNDA:1,(anonymous_2)
FNDA:0,(anonymous_3)
DA:1,3
DA:2,3
DA:3,3
DA:4,3
DA:6,3
DA:7,9
DA:8,9
DA:9,9
DA:11,9
DA:12,4
DA:15,9
DA:16,1
DA:17,1
DA:18,1
DA:21,9
DA:22,0
DA:25,9
LF:17
LH:16
BRDA:12,0,0,4
BRDA:12,0,1,1
BRDA:36,1,0,9
BRDA:36,1,1,5
BRF:4
BRH:4
end_of_record
